mode: set
github.com/lroolle/deepdivego/errhandle/filelistserver/web.go:19.78,20.65 1 1
github.com/lroolle/deepdivego/errhandle/filelistserver/web.go:20.65,21.16 1 1
github.com/lroolle/deepdivego/errhandle/filelistserver/web.go:30.3,31.17 2 1
github.com/lroolle/deepdivego/errhandle/filelistserver/web.go:21.16,22.32 1 1
github.com/lroolle/deepdivego/errhandle/filelistserver/web.go:22.32,28.5 2 1
github.com/lroolle/deepdivego/errhandle/filelistserver/web.go:31.17,34.42 2 1
github.com/lroolle/deepdivego/errhandle/filelistserver/web.go:39.4,40.11 2 1
github.com/lroolle/deepdivego/errhandle/filelistserver/web.go:48.4,48.51 1 1
github.com/lroolle/deepdivego/errhandle/filelistserver/web.go:34.42,37.5 2 1
github.com/lroolle/deepdivego/errhandle/filelistserver/web.go:41.28,42.31 1 1
github.com/lroolle/deepdivego/errhandle/filelistserver/web.go:43.30,44.32 1 1
github.com/lroolle/deepdivego/errhandle/filelistserver/web.go:45.12,46.42 1 1
github.com/lroolle/deepdivego/errhandle/filelistserver/web.go:53.13,58.16 3 0
github.com/lroolle/deepdivego/errhandle/filelistserver/web.go:58.16,59.13 1 0
